<?xml version="1.0" encoding="UTF-8"?>
<testsuite name="com.gildedrose.GildedRoseTest" tests="20" skipped="0" failures="0" errors="0" timestamp="2022-10-06T12:31:28" hostname="vm-etu-beallard1.local.isima.fr" time="0.121">
  <properties/>
  <testcase name="Test the update is doing is job" classname="com.gildedrose.GildedRoseTest" time="0.022"/>
  <testcase name="Test the update is doing is job" classname="com.gildedrose.GildedRoseTest" time="0.001"/>
  <testcase name="Test the update is doing is job" classname="com.gildedrose.GildedRoseTest" time="0.0"/>
  <testcase name="Test the update is doing is job" classname="com.gildedrose.GildedRoseTest" time="0.004"/>
  <testcase name="Test the update is doing is job" classname="com.gildedrose.GildedRoseTest" time="0.001"/>
  <testcase name="Test that the name is unchanged" classname="com.gildedrose.GildedRoseTest" time="0.002"/>
  <testcase name="Test that the name is unchanged" classname="com.gildedrose.GildedRoseTest" time="0.017"/>
  <testcase name="Test the update is doing is job" classname="com.gildedrose.GildedRoseTest" time="0.002"/>
  <testcase name="Test the update is doing is job" classname="com.gildedrose.GildedRoseTest" time="0.001"/>
  <testcase name="Test the update is doing is job" classname="com.gildedrose.GildedRoseTest" time="0.002"/>
  <testcase name="Test the update is doing is job" classname="com.gildedrose.GildedRoseTest" time="0.002"/>
  <testcase name="Test the update is doing is job" classname="com.gildedrose.GildedRoseTest" time="0.002"/>
  <testcase name="Test the update is doing is job" classname="com.gildedrose.GildedRoseTest" time="0.001"/>
  <testcase name="Test the update is doing is job" classname="com.gildedrose.GildedRoseTest" time="0.0"/>
  <testcase name="Test the update is doing is job" classname="com.gildedrose.GildedRoseTest" time="0.001"/>
  <testcase name="Test the update is doing is job" classname="com.gildedrose.GildedRoseTest" time="0.001"/>
  <testcase name="Test the update is doing is job" classname="com.gildedrose.GildedRoseTest" time="0.001"/>
  <testcase name="Test the update is doing is job" classname="com.gildedrose.GildedRoseTest" time="0.001"/>
  <testcase name="Test the update is doing is job" classname="com.gildedrose.GildedRoseTest" time="0.0"/>
  <testcase name="Test the update is doing is job" classname="com.gildedrose.GildedRoseTest" time="0.006"/>
  <system-out><![CDATA[]]></system-out>
  <system-err><![CDATA[]]></system-err>
</testsuite>
