<?xml version="1.0" encoding="UTF-8"?>
<testsuite name="com.gildedrose.GildedRoseTest" tests="18" skipped="0" failures="0" errors="0" timestamp="2022-10-06T11:54:48" hostname="vm-etu-beallard1.local.isima.fr" time="0.118">
  <properties/>
  <testcase name="Test the update is doing is job" classname="com.gildedrose.GildedRoseTest" time="0.044"/>
  <testcase name="Test the update is doing is job" classname="com.gildedrose.GildedRoseTest" time="0.0"/>
  <testcase name="Test the update is doing is job" classname="com.gildedrose.GildedRoseTest" time="0.001"/>
  <testcase name="Test the update is doing is job" classname="com.gildedrose.GildedRoseTest" time="0.001"/>
  <testcase name="Test the update is doing is job" classname="com.gildedrose.GildedRoseTest" time="0.001"/>
  <testcase name="Test that the name is unchanged" classname="com.gildedrose.GildedRoseTest" time="0.002"/>
  <testcase name="Test that the name is unchanged" classname="com.gildedrose.GildedRoseTest" time="0.021"/>
  <testcase name="Test the update is doing is job" classname="com.gildedrose.GildedRoseTest" time="0.001"/>
  <testcase name="Test the update is doing is job" classname="com.gildedrose.GildedRoseTest" time="0.002"/>
  <testcase name="Test the update is doing is job" classname="com.gildedrose.GildedRoseTest" time="0.001"/>
  <testcase name="Test the update is doing is job" classname="com.gildedrose.GildedRoseTest" time="0.0"/>
  <testcase name="Test the update is doing is job" classname="com.gildedrose.GildedRoseTest" time="0.0"/>
  <testcase name="Test the update is doing is job" classname="com.gildedrose.GildedRoseTest" time="0.001"/>
  <testcase name="Test the update is doing is job" classname="com.gildedrose.GildedRoseTest" time="0.001"/>
  <testcase name="Test the update is doing is job" classname="com.gildedrose.GildedRoseTest" time="0.001"/>
  <testcase name="Test the update is doing is job" classname="com.gildedrose.GildedRoseTest" time="0.002"/>
  <testcase name="Test the update is doing is job" classname="com.gildedrose.GildedRoseTest" time="0.005"/>
  <testcase name="Test the update is doing is job" classname="com.gildedrose.GildedRoseTest" time="0.002"/>
  <system-out><![CDATA[]]></system-out>
  <system-err><![CDATA[]]></system-err>
</testsuite>
