<?xml version="1.0" encoding="UTF-8"?>
<testsuite name="com.gildedrose.GildedRoseTest" tests="18" skipped="0" failures="0" errors="0" timestamp="2022-09-30T12:56:26" hostname="vm-etu-beallard1.local.isima.fr" time="0.187">
  <properties/>
  <testcase name="Test the update is doing is job" classname="com.gildedrose.GildedRoseTest" time="0.049"/>
  <testcase name="Test the update is doing is job" classname="com.gildedrose.GildedRoseTest" time="0.017"/>
  <testcase name="Test the update is doing is job" classname="com.gildedrose.GildedRoseTest" time="0.0"/>
  <testcase name="Test the update is doing is job" classname="com.gildedrose.GildedRoseTest" time="0.0"/>
  <testcase name="Test the update is doing is job" classname="com.gildedrose.GildedRoseTest" time="0.0"/>
  <testcase name="Test that the name is unchanged" classname="com.gildedrose.GildedRoseTest" time="0.0"/>
  <testcase name="Test that the name is unchanged" classname="com.gildedrose.GildedRoseTest" time="0.085"/>
  <testcase name="Test the update is doing is job" classname="com.gildedrose.GildedRoseTest" time="0.001"/>
  <testcase name="Test the update is doing is job" classname="com.gildedrose.GildedRoseTest" time="0.001"/>
  <testcase name="Test the update is doing is job" classname="com.gildedrose.GildedRoseTest" time="0.0"/>
  <testcase name="Test the update is doing is job" classname="com.gildedrose.GildedRoseTest" time="0.0"/>
  <testcase name="Test the update is doing is job" classname="com.gildedrose.GildedRoseTest" time="0.0"/>
  <testcase name="Test the update is doing is job" classname="com.gildedrose.GildedRoseTest" time="0.01"/>
  <testcase name="Test the update is doing is job" classname="com.gildedrose.GildedRoseTest" time="0.002"/>
  <testcase name="Test the update is doing is job" classname="com.gildedrose.GildedRoseTest" time="0.001"/>
  <testcase name="Test the update is doing is job" classname="com.gildedrose.GildedRoseTest" time="0.003"/>
  <testcase name="Test the update is doing is job" classname="com.gildedrose.GildedRoseTest" time="0.001"/>
  <testcase name="Test the update is doing is job" classname="com.gildedrose.GildedRoseTest" time="0.003"/>
  <system-out><![CDATA[]]></system-out>
  <system-err><![CDATA[]]></system-err>
</testsuite>
