<?xml version="1.0" encoding="UTF-8"?>
<testsuite name="com.gildedrose.GildedRoseTest" tests="18" skipped="0" failures="0" errors="0" timestamp="2022-09-16T13:10:13" hostname="turing.local.isima.fr" time="0.033">
  <properties/>
  <testcase name="Test the update is doing is job" classname="com.gildedrose.GildedRoseTest" time="0.012"/>
  <testcase name="Test the update is doing is job" classname="com.gildedrose.GildedRoseTest" time="0.001"/>
  <testcase name="Test the update is doing is job" classname="com.gildedrose.GildedRoseTest" time="0.0"/>
  <testcase name="Test the update is doing is job" classname="com.gildedrose.GildedRoseTest" time="0.0"/>
  <testcase name="Test the update is doing is job" classname="com.gildedrose.GildedRoseTest" time="0.0"/>
  <testcase name="Test that the name is unchanged" classname="com.gildedrose.GildedRoseTest" time="0.0"/>
  <testcase name="Test that the name is unchanged" classname="com.gildedrose.GildedRoseTest" time="0.007"/>
  <testcase name="Test the update is doing is job" classname="com.gildedrose.GildedRoseTest" time="0.0"/>
  <testcase name="Test the update is doing is job" classname="com.gildedrose.GildedRoseTest" time="0.001"/>
  <testcase name="Test the update is doing is job" classname="com.gildedrose.GildedRoseTest" time="0.0"/>
  <testcase name="Test the update is doing is job" classname="com.gildedrose.GildedRoseTest" time="0.0"/>
  <testcase name="Test the update is doing is job" classname="com.gildedrose.GildedRoseTest" time="0.0"/>
  <testcase name="Test the update is doing is job" classname="com.gildedrose.GildedRoseTest" time="0.0"/>
  <testcase name="Test the update is doing is job" classname="com.gildedrose.GildedRoseTest" time="0.0"/>
  <testcase name="Test the update is doing is job" classname="com.gildedrose.GildedRoseTest" time="0.001"/>
  <testcase name="Test the update is doing is job" classname="com.gildedrose.GildedRoseTest" time="0.0"/>
  <testcase name="Test the update is doing is job" classname="com.gildedrose.GildedRoseTest" time="0.0"/>
  <testcase name="Test the update is doing is job" classname="com.gildedrose.GildedRoseTest" time="0.001"/>
  <system-out><![CDATA[]]></system-out>
  <system-err><![CDATA[]]></system-err>
</testsuite>
